<?xml version="1.0" encoding="UTF-8"?>
<!-- Generated by org.testng.reporters.JUnitXMLReporter -->
<testsuite hostname="LAPTOP-4B3IBU8V" ignored="0" name="Default test" tests="10" failures="0" timestamp="02 Aug 2022 18:42:48 GMT" time="45.336" errors="0">
  <testcase name="validateCheckoutPage" time="10.997" classname="com.vcentry.lab.testCase.CheckOutPageValidator"/>
  <testcase name="validateCheckoutPage" time="4.451" classname="com.vcentry.lab.testCase.CheckOutPageValidator"/>
  <testcase name="validateCheckoutPage" time="2.715" classname="com.vcentry.lab.testCase.CheckOutPageValidator"/>
  <testcase name="validateCheckoutPage" time="3.041" classname="com.vcentry.lab.testCase.CheckOutPageValidator"/>
  <testcase name="validateCheckoutPage" time="3.433" classname="com.vcentry.lab.testCase.CheckOutPageValidator"/>
  <testcase name="validateCheckoutPage" time="3.191" classname="com.vcentry.lab.testCase.CheckOutPageValidator"/>
  <testcase name="validateCheckoutPage" time="2.619" classname="com.vcentry.lab.testCase.CheckOutPageValidator"/>
  <testcase name="validateCheckoutPage" time="2.933" classname="com.vcentry.lab.testCase.CheckOutPageValidator"/>
  <testcase name="validateCheckoutPage" time="2.512" classname="com.vcentry.lab.testCase.CheckOutPageValidator"/>
  <testcase name="validateCheckoutPage" time="2.396" classname="com.vcentry.lab.testCase.CheckOutPageValidator"/>
</testsuite> <!-- Default test -->
