<?xml version="1.0" encoding="UTF-8"?>
<testng-results skipped="0" failed="0" ignored="0" total="10" passed="10">
  <reporter-output>
  </reporter-output>
  <suite name="Default suite" duration-ms="45336" started-at="2022-08-02T18:42:03Z" finished-at="2022-08-02T18:42:48Z">
    <groups>
    </groups>
    <test name="Default test" duration-ms="45336" started-at="2022-08-02T18:42:03Z" finished-at="2022-08-02T18:42:48Z">
      <class name="com.vcentry.lab.testCase.CheckOutPageValidator">
        <test-method status="PASS" signature="setUp()[pri:0, instance:com.vcentry.lab.testCase.CheckOutPageValidator@6f1fba17]" name="setUp" is-config="true" duration-ms="12" started-at="2022-08-02T20:42:03Z" finished-at="2022-08-02T20:42:03Z">
          <reporter-output>
          </reporter-output>
        </test-method> <!-- setUp -->
        <test-method status="PASS" signature="validateCheckoutPage(java.lang.String, java.lang.String, java.lang.String, java.lang.String, java.lang.String, java.lang.String, java.lang.String, java.lang.String, java.lang.String)[pri:0, instance:com.vcentry.lab.testCase.CheckOutPageValidator@6f1fba17]" name="validateCheckoutPage" duration-ms="10997" started-at="2022-08-02T20:42:04Z" data-provider="CheckoutTest" finished-at="2022-08-02T20:42:15Z">
          <params>
            <param index="0">
              <value>
                <![CDATA[CheckoutPageTest_DataSet2]]>
              </value>
            </param>
            <param index="1">
              <value>
                <![CDATA[user1]]>
              </value>
            </param>
            <param index="2">
              <value>
                <![CDATA[Guru@12345]]>
              </value>
            </param>
            <param index="3">
              <value>
                <![CDATA[produtA]]>
              </value>
            </param>
            <param index="4">
              <value>
                <![CDATA[1111]]>
              </value>
            </param>
            <param index="5">
              <value>
                <![CDATA[mailA@email.com]]>
              </value>
            </param>
            <param index="6">
              <value>
                <![CDATA[Electrical]]>
              </value>
            </param>
            <param index="7">
              <value>
                <![CDATA[12]]>
              </value>
            </param>
            <param index="8">
              <value>
                <![CDATA[purchaseNameA]]>
              </value>
            </param>
          </params>
          <reporter-output>
          </reporter-output>
        </test-method> <!-- validateCheckoutPage -->
        <test-method status="PASS" signature="tearDown(org.testng.ITestResult)[pri:0, instance:com.vcentry.lab.testCase.CheckOutPageValidator@6f1fba17]" name="tearDown" is-config="true" duration-ms="832" started-at="2022-08-02T20:42:15Z" finished-at="2022-08-02T20:42:15Z">
          <params>
            <param index="0">
              <value>
                <![CDATA[[TestResult name=validateCheckoutPage status=SUCCESS method=CheckOutPageValidator.validateCheckoutPage(java.lang.String, java.lang.String, java.lang.String, java.lang.String, java.lang.String, java.lang.String, java.lang.String, java.lang.String, java.lang.String)[pri:0, instance:com.vcentry.lab.testCase.CheckOutPageValidator@6f1fba17] output={null}]]]>
              </value>
            </param>
          </params>
          <reporter-output>
          </reporter-output>
        </test-method> <!-- tearDown -->
        <test-method status="PASS" signature="validateCheckoutPage(java.lang.String, java.lang.String, java.lang.String, java.lang.String, java.lang.String, java.lang.String, java.lang.String, java.lang.String, java.lang.String)[pri:0, instance:com.vcentry.lab.testCase.CheckOutPageValidator@6f1fba17]" name="validateCheckoutPage" duration-ms="4451" started-at="2022-08-02T20:42:15Z" data-provider="CheckoutTest" finished-at="2022-08-02T20:42:20Z">
          <params>
            <param index="0">
              <value>
                <![CDATA[CheckoutPageTest_DataSet3]]>
              </value>
            </param>
            <param index="1">
              <value>
                <![CDATA[user1]]>
              </value>
            </param>
            <param index="2">
              <value>
                <![CDATA[Guru@12345]]>
              </value>
            </param>
            <param index="3">
              <value>
                <![CDATA[produtB]]>
              </value>
            </param>
            <param index="4">
              <value>
                <![CDATA[2222]]>
              </value>
            </param>
            <param index="5">
              <value>
                <![CDATA[mailB@email.com]]>
              </value>
            </param>
            <param index="6">
              <value>
                <![CDATA[Electrical]]>
              </value>
            </param>
            <param index="7">
              <value>
                <![CDATA[20]]>
              </value>
            </param>
            <param index="8">
              <value>
                <![CDATA[purchaseNameB]]>
              </value>
            </param>
          </params>
          <reporter-output>
          </reporter-output>
        </test-method> <!-- validateCheckoutPage -->
        <test-method status="PASS" signature="tearDown(org.testng.ITestResult)[pri:0, instance:com.vcentry.lab.testCase.CheckOutPageValidator@6f1fba17]" name="tearDown" is-config="true" duration-ms="683" started-at="2022-08-02T20:42:20Z" finished-at="2022-08-02T20:42:21Z">
          <params>
            <param index="0">
              <value>
                <![CDATA[[TestResult name=validateCheckoutPage status=SUCCESS method=CheckOutPageValidator.validateCheckoutPage(java.lang.String, java.lang.String, java.lang.String, java.lang.String, java.lang.String, java.lang.String, java.lang.String, java.lang.String, java.lang.String)[pri:0, instance:com.vcentry.lab.testCase.CheckOutPageValidator@6f1fba17] output={null}]]]>
              </value>
            </param>
          </params>
          <reporter-output>
          </reporter-output>
        </test-method> <!-- tearDown -->
        <test-method status="PASS" signature="validateCheckoutPage(java.lang.String, java.lang.String, java.lang.String, java.lang.String, java.lang.String, java.lang.String, java.lang.String, java.lang.String, java.lang.String)[pri:0, instance:com.vcentry.lab.testCase.CheckOutPageValidator@6f1fba17]" name="validateCheckoutPage" duration-ms="2715" started-at="2022-08-02T20:42:21Z" data-provider="CheckoutTest" finished-at="2022-08-02T20:42:23Z">
          <params>
            <param index="0">
              <value>
                <![CDATA[CheckoutPageTest_DataSet4]]>
              </value>
            </param>
            <param index="1">
              <value>
                <![CDATA[user1]]>
              </value>
            </param>
            <param index="2">
              <value>
                <![CDATA[Guru@12345]]>
              </value>
            </param>
            <param index="3">
              <value>
                <![CDATA[produtC]]>
              </value>
            </param>
            <param index="4">
              <value>
                <![CDATA[3333]]>
              </value>
            </param>
            <param index="5">
              <value>
                <![CDATA[mailC@email.com]]>
              </value>
            </param>
            <param index="6">
              <value>
                <![CDATA[Electrical]]>
              </value>
            </param>
            <param index="7">
              <value>
                <![CDATA[21]]>
              </value>
            </param>
            <param index="8">
              <value>
                <![CDATA[purchaseNameC]]>
              </value>
            </param>
          </params>
          <reporter-output>
          </reporter-output>
        </test-method> <!-- validateCheckoutPage -->
        <test-method status="PASS" signature="tearDown(org.testng.ITestResult)[pri:0, instance:com.vcentry.lab.testCase.CheckOutPageValidator@6f1fba17]" name="tearDown" is-config="true" duration-ms="605" started-at="2022-08-02T20:42:23Z" finished-at="2022-08-02T20:42:24Z">
          <params>
            <param index="0">
              <value>
                <![CDATA[[TestResult name=validateCheckoutPage status=SUCCESS method=CheckOutPageValidator.validateCheckoutPage(java.lang.String, java.lang.String, java.lang.String, java.lang.String, java.lang.String, java.lang.String, java.lang.String, java.lang.String, java.lang.String)[pri:0, instance:com.vcentry.lab.testCase.CheckOutPageValidator@6f1fba17] output={null}]]]>
              </value>
            </param>
          </params>
          <reporter-output>
          </reporter-output>
        </test-method> <!-- tearDown -->
        <test-method status="PASS" signature="validateCheckoutPage(java.lang.String, java.lang.String, java.lang.String, java.lang.String, java.lang.String, java.lang.String, java.lang.String, java.lang.String, java.lang.String)[pri:0, instance:com.vcentry.lab.testCase.CheckOutPageValidator@6f1fba17]" name="validateCheckoutPage" duration-ms="3041" started-at="2022-08-02T20:42:24Z" data-provider="CheckoutTest" finished-at="2022-08-02T20:42:27Z">
          <params>
            <param index="0">
              <value>
                <![CDATA[CheckoutPageTest_DataSet5]]>
              </value>
            </param>
            <param index="1">
              <value>
                <![CDATA[user1]]>
              </value>
            </param>
            <param index="2">
              <value>
                <![CDATA[Guru@12345]]>
              </value>
            </param>
            <param index="3">
              <value>
                <![CDATA[produtD]]>
              </value>
            </param>
            <param index="4">
              <value>
                <![CDATA[4444]]>
              </value>
            </param>
            <param index="5">
              <value>
                <![CDATA[mailD@email.com]]>
              </value>
            </param>
            <param index="6">
              <value>
                <![CDATA[Electrical]]>
              </value>
            </param>
            <param index="7">
              <value>
                <![CDATA[70]]>
              </value>
            </param>
            <param index="8">
              <value>
                <![CDATA[purchaseNameD]]>
              </value>
            </param>
          </params>
          <reporter-output>
          </reporter-output>
        </test-method> <!-- validateCheckoutPage -->
        <test-method status="PASS" signature="tearDown(org.testng.ITestResult)[pri:0, instance:com.vcentry.lab.testCase.CheckOutPageValidator@6f1fba17]" name="tearDown" is-config="true" duration-ms="588" started-at="2022-08-02T20:42:27Z" finished-at="2022-08-02T20:42:28Z">
          <params>
            <param index="0">
              <value>
                <![CDATA[[TestResult name=validateCheckoutPage status=SUCCESS method=CheckOutPageValidator.validateCheckoutPage(java.lang.String, java.lang.String, java.lang.String, java.lang.String, java.lang.String, java.lang.String, java.lang.String, java.lang.String, java.lang.String)[pri:0, instance:com.vcentry.lab.testCase.CheckOutPageValidator@6f1fba17] output={null}]]]>
              </value>
            </param>
          </params>
          <reporter-output>
          </reporter-output>
        </test-method> <!-- tearDown -->
        <test-method status="PASS" signature="validateCheckoutPage(java.lang.String, java.lang.String, java.lang.String, java.lang.String, java.lang.String, java.lang.String, java.lang.String, java.lang.String, java.lang.String)[pri:0, instance:com.vcentry.lab.testCase.CheckOutPageValidator@6f1fba17]" name="validateCheckoutPage" duration-ms="3433" started-at="2022-08-02T20:42:28Z" data-provider="CheckoutTest" finished-at="2022-08-02T20:42:31Z">
          <params>
            <param index="0">
              <value>
                <![CDATA[CheckoutPageTest_DataSet6]]>
              </value>
            </param>
            <param index="1">
              <value>
                <![CDATA[user1]]>
              </value>
            </param>
            <param index="2">
              <value>
                <![CDATA[Guru@12345]]>
              </value>
            </param>
            <param index="3">
              <value>
                <![CDATA[produtE]]>
              </value>
            </param>
            <param index="4">
              <value>
                <![CDATA[5555]]>
              </value>
            </param>
            <param index="5">
              <value>
                <![CDATA[mailD@email.com]]>
              </value>
            </param>
            <param index="6">
              <value>
                <![CDATA[Electrical]]>
              </value>
            </param>
            <param index="7">
              <value>
                <![CDATA[70]]>
              </value>
            </param>
            <param index="8">
              <value>
                <![CDATA[purchaseNameD]]>
              </value>
            </param>
          </params>
          <reporter-output>
          </reporter-output>
        </test-method> <!-- validateCheckoutPage -->
        <test-method status="PASS" signature="tearDown(org.testng.ITestResult)[pri:0, instance:com.vcentry.lab.testCase.CheckOutPageValidator@6f1fba17]" name="tearDown" is-config="true" duration-ms="660" started-at="2022-08-02T20:42:31Z" finished-at="2022-08-02T20:42:32Z">
          <params>
            <param index="0">
              <value>
                <![CDATA[[TestResult name=validateCheckoutPage status=SUCCESS method=CheckOutPageValidator.validateCheckoutPage(java.lang.String, java.lang.String, java.lang.String, java.lang.String, java.lang.String, java.lang.String, java.lang.String, java.lang.String, java.lang.String)[pri:0, instance:com.vcentry.lab.testCase.CheckOutPageValidator@6f1fba17] output={null}]]]>
              </value>
            </param>
          </params>
          <reporter-output>
          </reporter-output>
        </test-method> <!-- tearDown -->
        <test-method status="PASS" signature="validateCheckoutPage(java.lang.String, java.lang.String, java.lang.String, java.lang.String, java.lang.String, java.lang.String, java.lang.String, java.lang.String, java.lang.String)[pri:0, instance:com.vcentry.lab.testCase.CheckOutPageValidator@6f1fba17]" name="validateCheckoutPage" duration-ms="3191" started-at="2022-08-02T20:42:32Z" data-provider="CheckoutTest" finished-at="2022-08-02T20:42:35Z">
          <params>
            <param index="0">
              <value>
                <![CDATA[CheckoutPageTest_DataSet7]]>
              </value>
            </param>
            <param index="1">
              <value>
                <![CDATA[user1]]>
              </value>
            </param>
            <param index="2">
              <value>
                <![CDATA[Guru@12345]]>
              </value>
            </param>
            <param index="3">
              <value>
                <![CDATA[produtF]]>
              </value>
            </param>
            <param index="4">
              <value>
                <![CDATA[66666]]>
              </value>
            </param>
            <param index="5">
              <value>
                <![CDATA[mailD@email.com]]>
              </value>
            </param>
            <param index="6">
              <value>
                <![CDATA[Electrical]]>
              </value>
            </param>
            <param index="7">
              <value>
                <![CDATA[70]]>
              </value>
            </param>
            <param index="8">
              <value>
                <![CDATA[purchaseNameD]]>
              </value>
            </param>
          </params>
          <reporter-output>
          </reporter-output>
        </test-method> <!-- validateCheckoutPage -->
        <test-method status="PASS" signature="tearDown(org.testng.ITestResult)[pri:0, instance:com.vcentry.lab.testCase.CheckOutPageValidator@6f1fba17]" name="tearDown" is-config="true" duration-ms="554" started-at="2022-08-02T20:42:35Z" finished-at="2022-08-02T20:42:35Z">
          <params>
            <param index="0">
              <value>
                <![CDATA[[TestResult name=validateCheckoutPage status=SUCCESS method=CheckOutPageValidator.validateCheckoutPage(java.lang.String, java.lang.String, java.lang.String, java.lang.String, java.lang.String, java.lang.String, java.lang.String, java.lang.String, java.lang.String)[pri:0, instance:com.vcentry.lab.testCase.CheckOutPageValidator@6f1fba17] output={null}]]]>
              </value>
            </param>
          </params>
          <reporter-output>
          </reporter-output>
        </test-method> <!-- tearDown -->
        <test-method status="PASS" signature="validateCheckoutPage(java.lang.String, java.lang.String, java.lang.String, java.lang.String, java.lang.String, java.lang.String, java.lang.String, java.lang.String, java.lang.String)[pri:0, instance:com.vcentry.lab.testCase.CheckOutPageValidator@6f1fba17]" name="validateCheckoutPage" duration-ms="2619" started-at="2022-08-02T20:42:35Z" data-provider="CheckoutTest" finished-at="2022-08-02T20:42:38Z">
          <params>
            <param index="0">
              <value>
                <![CDATA[CheckoutPageTest_DataSet8]]>
              </value>
            </param>
            <param index="1">
              <value>
                <![CDATA[user1]]>
              </value>
            </param>
            <param index="2">
              <value>
                <![CDATA[Guru@12345]]>
              </value>
            </param>
            <param index="3">
              <value>
                <![CDATA[produtG]]>
              </value>
            </param>
            <param index="4">
              <value>
                <![CDATA[77777]]>
              </value>
            </param>
            <param index="5">
              <value>
                <![CDATA[mailD@email.com]]>
              </value>
            </param>
            <param index="6">
              <value>
                <![CDATA[Electrical]]>
              </value>
            </param>
            <param index="7">
              <value>
                <![CDATA[70]]>
              </value>
            </param>
            <param index="8">
              <value>
                <![CDATA[purchaseNameD]]>
              </value>
            </param>
          </params>
          <reporter-output>
          </reporter-output>
        </test-method> <!-- validateCheckoutPage -->
        <test-method status="PASS" signature="tearDown(org.testng.ITestResult)[pri:0, instance:com.vcentry.lab.testCase.CheckOutPageValidator@6f1fba17]" name="tearDown" is-config="true" duration-ms="499" started-at="2022-08-02T20:42:38Z" finished-at="2022-08-02T20:42:39Z">
          <params>
            <param index="0">
              <value>
                <![CDATA[[TestResult name=validateCheckoutPage status=SUCCESS method=CheckOutPageValidator.validateCheckoutPage(java.lang.String, java.lang.String, java.lang.String, java.lang.String, java.lang.String, java.lang.String, java.lang.String, java.lang.String, java.lang.String)[pri:0, instance:com.vcentry.lab.testCase.CheckOutPageValidator@6f1fba17] output={null}]]]>
              </value>
            </param>
          </params>
          <reporter-output>
          </reporter-output>
        </test-method> <!-- tearDown -->
        <test-method status="PASS" signature="validateCheckoutPage(java.lang.String, java.lang.String, java.lang.String, java.lang.String, java.lang.String, java.lang.String, java.lang.String, java.lang.String, java.lang.String)[pri:0, instance:com.vcentry.lab.testCase.CheckOutPageValidator@6f1fba17]" name="validateCheckoutPage" duration-ms="2933" started-at="2022-08-02T20:42:39Z" data-provider="CheckoutTest" finished-at="2022-08-02T20:42:42Z">
          <params>
            <param index="0">
              <value>
                <![CDATA[CheckoutPageTest_DataSet9]]>
              </value>
            </param>
            <param index="1">
              <value>
                <![CDATA[user1]]>
              </value>
            </param>
            <param index="2">
              <value>
                <![CDATA[Guru@12345]]>
              </value>
            </param>
            <param index="3">
              <value>
                <![CDATA[produtH]]>
              </value>
            </param>
            <param index="4">
              <value>
                <![CDATA[88888]]>
              </value>
            </param>
            <param index="5">
              <value>
                <![CDATA[mailD@email.com]]>
              </value>
            </param>
            <param index="6">
              <value>
                <![CDATA[Electrical]]>
              </value>
            </param>
            <param index="7">
              <value>
                <![CDATA[70]]>
              </value>
            </param>
            <param index="8">
              <value>
                <![CDATA[purchaseNameD]]>
              </value>
            </param>
          </params>
          <reporter-output>
          </reporter-output>
        </test-method> <!-- validateCheckoutPage -->
        <test-method status="PASS" signature="tearDown(org.testng.ITestResult)[pri:0, instance:com.vcentry.lab.testCase.CheckOutPageValidator@6f1fba17]" name="tearDown" is-config="true" duration-ms="478" started-at="2022-08-02T20:42:42Z" finished-at="2022-08-02T20:42:42Z">
          <params>
            <param index="0">
              <value>
                <![CDATA[[TestResult name=validateCheckoutPage status=SUCCESS method=CheckOutPageValidator.validateCheckoutPage(java.lang.String, java.lang.String, java.lang.String, java.lang.String, java.lang.String, java.lang.String, java.lang.String, java.lang.String, java.lang.String)[pri:0, instance:com.vcentry.lab.testCase.CheckOutPageValidator@6f1fba17] output={null}]]]>
              </value>
            </param>
          </params>
          <reporter-output>
          </reporter-output>
        </test-method> <!-- tearDown -->
        <test-method status="PASS" signature="validateCheckoutPage(java.lang.String, java.lang.String, java.lang.String, java.lang.String, java.lang.String, java.lang.String, java.lang.String, java.lang.String, java.lang.String)[pri:0, instance:com.vcentry.lab.testCase.CheckOutPageValidator@6f1fba17]" name="validateCheckoutPage" duration-ms="2512" started-at="2022-08-02T20:42:42Z" data-provider="CheckoutTest" finished-at="2022-08-02T20:42:45Z">
          <params>
            <param index="0">
              <value>
                <![CDATA[CheckoutPageTest_DataSet10]]>
              </value>
            </param>
            <param index="1">
              <value>
                <![CDATA[user1]]>
              </value>
            </param>
            <param index="2">
              <value>
                <![CDATA[Guru@12345]]>
              </value>
            </param>
            <param index="3">
              <value>
                <![CDATA[produtI]]>
              </value>
            </param>
            <param index="4">
              <value>
                <![CDATA[999999]]>
              </value>
            </param>
            <param index="5">
              <value>
                <![CDATA[maili@email.com]]>
              </value>
            </param>
            <param index="6">
              <value>
                <![CDATA[Electrical]]>
              </value>
            </param>
            <param index="7">
              <value>
                <![CDATA[80]]>
              </value>
            </param>
            <param index="8">
              <value>
                <![CDATA[purchaseNameI]]>
              </value>
            </param>
          </params>
          <reporter-output>
          </reporter-output>
        </test-method> <!-- validateCheckoutPage -->
        <test-method status="PASS" signature="tearDown(org.testng.ITestResult)[pri:0, instance:com.vcentry.lab.testCase.CheckOutPageValidator@6f1fba17]" name="tearDown" is-config="true" duration-ms="459" started-at="2022-08-02T20:42:45Z" finished-at="2022-08-02T20:42:45Z">
          <params>
            <param index="0">
              <value>
                <![CDATA[[TestResult name=validateCheckoutPage status=SUCCESS method=CheckOutPageValidator.validateCheckoutPage(java.lang.String, java.lang.String, java.lang.String, java.lang.String, java.lang.String, java.lang.String, java.lang.String, java.lang.String, java.lang.String)[pri:0, instance:com.vcentry.lab.testCase.CheckOutPageValidator@6f1fba17] output={null}]]]>
              </value>
            </param>
          </params>
          <reporter-output>
          </reporter-output>
        </test-method> <!-- tearDown -->
        <test-method status="PASS" signature="validateCheckoutPage(java.lang.String, java.lang.String, java.lang.String, java.lang.String, java.lang.String, java.lang.String, java.lang.String, java.lang.String, java.lang.String)[pri:0, instance:com.vcentry.lab.testCase.CheckOutPageValidator@6f1fba17]" name="validateCheckoutPage" duration-ms="2396" started-at="2022-08-02T20:42:45Z" data-provider="CheckoutTest" finished-at="2022-08-02T20:42:47Z">
          <params>
            <param index="0">
              <value>
                <![CDATA[CheckoutPageTest_DataSet11]]>
              </value>
            </param>
            <param index="1">
              <value>
                <![CDATA[user1]]>
              </value>
            </param>
            <param index="2">
              <value>
                <![CDATA[Guru@12345]]>
              </value>
            </param>
            <param index="3">
              <value>
                <![CDATA[produtJ]]>
              </value>
            </param>
            <param index="4">
              <value>
                <![CDATA[10101010]]>
              </value>
            </param>
            <param index="5">
              <value>
                <![CDATA[mailj@email.com]]>
              </value>
            </param>
            <param index="6">
              <value>
                <![CDATA[Electrical]]>
              </value>
            </param>
            <param index="7">
              <value>
                <![CDATA[90]]>
              </value>
            </param>
            <param index="8">
              <value>
                <![CDATA[purchaseNameJ]]>
              </value>
            </param>
          </params>
          <reporter-output>
          </reporter-output>
        </test-method> <!-- validateCheckoutPage -->
        <test-method status="PASS" signature="tearDown(org.testng.ITestResult)[pri:0, instance:com.vcentry.lab.testCase.CheckOutPageValidator@6f1fba17]" name="tearDown" is-config="true" duration-ms="513" started-at="2022-08-02T20:42:47Z" finished-at="2022-08-02T20:42:48Z">
          <params>
            <param index="0">
              <value>
                <![CDATA[[TestResult name=validateCheckoutPage status=SUCCESS method=CheckOutPageValidator.validateCheckoutPage(java.lang.String, java.lang.String, java.lang.String, java.lang.String, java.lang.String, java.lang.String, java.lang.String, java.lang.String, java.lang.String)[pri:0, instance:com.vcentry.lab.testCase.CheckOutPageValidator@6f1fba17] output={null}]]]>
              </value>
            </param>
          </params>
          <reporter-output>
          </reporter-output>
        </test-method> <!-- tearDown -->
      </class> <!-- com.vcentry.lab.testCase.CheckOutPageValidator -->
    </test> <!-- Default test -->
  </suite> <!-- Default suite -->
</testng-results>
